<?xml version="1.0" encoding="UTF-8"?>
<!-- Generated by org.testng.reporters.JUnitReportReporter -->
<testsuite hostname="KAVINESH-PC" name="testCase_GeneralStudies_Science.ElectricityAndElectronics_TestCase" tests="1" failures="0" timestamp="17 Jun 2021 07:00:42 GMT" time="1.525" errors="0">
  <testcase name="ElectricityAndElectronics" time="1.525" classname="testCase_GeneralStudies_Science.ElectricityAndElectronics_TestCase"/>
</testsuite> <!-- testCase_GeneralStudies_Science.ElectricityAndElectronics_TestCase -->
