<?xml version="1.0" encoding="UTF-8"?>
<!-- Generated by org.testng.reporters.JUnitReportReporter -->
<testsuite hostname="KAVINESH-PC" name="testCase_GeneralStudies_Science.NatureofUniverse_TestCase" tests="1" failures="0" timestamp="17 Jun 2021 07:00:42 GMT" time="18.539" errors="0">
  <testcase name="NatureofUniverse" time="18.539" classname="testCase_GeneralStudies_Science.NatureofUniverse_TestCase"/>
</testsuite> <!-- testCase_GeneralStudies_Science.NatureofUniverse_TestCase -->
