<?xml version="1.0" encoding="UTF-8"?>
<!-- Generated by org.testng.reporters.JUnitReportReporter -->
<testsuite hostname="KAVINESH-PC" name="testCase_GeneralStudies_Mathematics.Material_CompoundInterest_TestCase" tests="1" failures="0" timestamp="18 Jun 2021 18:55:26 GMT" time="17.487" errors="0">
  <testcase name="CompoundInterest" time="17.487" classname="testCase_GeneralStudies_Mathematics.Material_CompoundInterest_TestCase"/>
</testsuite> <!-- testCase_GeneralStudies_Mathematics.Material_CompoundInterest_TestCase -->
