<?xml version="1.0" encoding="UTF-8"?>
<!-- Generated by org.testng.reporters.JUnitReportReporter -->
<testsuite hostname="KAVINESH-PC" name="testCase_CurrentAffairMaterials.Material_January2021_TestCase" tests="1" failures="0" timestamp="18 Jun 2021 06:04:12 GMT" time="10.444" errors="0">
  <testcase name="Material_January2021" time="10.444" classname="testCase_CurrentAffairMaterials.Material_January2021_TestCase"/>
</testsuite> <!-- testCase_CurrentAffairMaterials.Material_January2021_TestCase -->
