<?xml version="1.0" encoding="UTF-8"?>
<!-- Generated by org.testng.reporters.JUnitReportReporter -->
<testsuite hostname="KAVINESH-PC" name="testCase_GeneralStudies_Mathematics.Material_RatioandProportion_TestCase" tests="1" failures="0" timestamp="16 Jun 2021 17:21:58 GMT" time="1.358" errors="0">
  <testcase name="RatioandProportion" time="1.358" classname="testCase_GeneralStudies_Mathematics.Material_RatioandProportion_TestCase"/>
</testsuite> <!-- testCase_GeneralStudies_Mathematics.Material_RatioandProportion_TestCase -->
