<?xml version="1.0" encoding="UTF-8"?>
<!-- Generated by org.testng.reporters.JUnitReportReporter -->
<testsuite hostname="KAVINESH-PC" name="testCase_GeneralStudies_History.KalabrasPeriod_TestCase" tests="1" failures="0" timestamp="17 Jun 2021 18:45:21 GMT" time="1.279" errors="0">
  <testcase name="KalabrasPeriod" time="1.279" classname="testCase_GeneralStudies_History.KalabrasPeriod_TestCase"/>
</testsuite> <!-- testCase_GeneralStudies_History.KalabrasPeriod_TestCase -->
