<?xml version="1.0" encoding="UTF-8"?>
<!-- Generated by org.testng.reporters.JUnitReportReporter -->
<testsuite hostname="KAVINESH-PC" name="testCase_VidhvaasModelQuestions.ModelQuestions_4_TestCasee" tests="1" failures="0" timestamp="18 Jun 2021 06:34:21 GMT" time="11.230" errors="0">
  <testcase name="ModelQuestions_4" time="11.230" classname="testCase_VidhvaasModelQuestions.ModelQuestions_4_TestCasee"/>
</testsuite> <!-- testCase_VidhvaasModelQuestions.ModelQuestions_4_TestCasee -->
