<?xml version="1.0" encoding="UTF-8"?>
<!-- Generated by org.testng.reporters.JUnitReportReporter -->
<testsuite hostname="KAVINESH-PC" name="testCase_GeneralStudies_History.Post_IndependenceIndia_TestCase" tests="1" failures="0" timestamp="17 Jun 2021 18:45:21 GMT" time="1.128" errors="0">
  <testcase name="Post_IndependenceIndia" time="1.128" classname="testCase_GeneralStudies_History.Post_IndependenceIndia_TestCase"/>
</testsuite> <!-- testCase_GeneralStudies_History.Post_IndependenceIndia_TestCase -->
