<?xml version="1.0" encoding="UTF-8"?>
<!-- Generated by org.testng.reporters.JUnitReportReporter -->
<testsuite hostname="KAVINESH-PC" name="testCase_GeneralStudies_Mathematics.Material_TimeandWork_TestCase" tests="1" failures="0" timestamp="16 Jun 2021 17:21:58 GMT" time="1.218" errors="0">
  <testcase name="TimeandWork" time="1.218" classname="testCase_GeneralStudies_Mathematics.Material_TimeandWork_TestCase"/>
</testsuite> <!-- testCase_GeneralStudies_Mathematics.Material_TimeandWork_TestCase -->
