<?xml version="1.0" encoding="UTF-8"?>
<!-- Generated by org.testng.reporters.JUnitReportReporter -->
<testsuite hostname="KAVINESH-PC" name="testCase_VidhvaasModelQuestions.ModelQuestions_5_TestCase" tests="1" failures="0" timestamp="18 Jun 2021 06:34:21 GMT" time="10.839" errors="0">
  <testcase name="ModelQuestions_5" time="10.839" classname="testCase_VidhvaasModelQuestions.ModelQuestions_5_TestCase"/>
</testsuite> <!-- testCase_VidhvaasModelQuestions.ModelQuestions_5_TestCase -->
