<?xml version="1.0" encoding="UTF-8"?>
<!-- Generated by org.testng.reporters.JUnitReportReporter -->
<testsuite hostname="KAVINESH-PC" name="testCase_GeneralStudies_Mathematics.Mathematics_Material_SimpleInterest_TestCase" tests="1" failures="0" timestamp="15 Jun 2021 18:24:25 GMT" time="1.385" errors="0">
  <testcase name="SimpleInterest_" time="1.385" classname="testCase_GeneralStudies_Mathematics.Mathematics_Material_SimpleInterest_TestCase"/>
</testsuite> <!-- testCase_GeneralStudies_Mathematics.Mathematics_Material_SimpleInterest_TestCase -->
