<?xml version="1.0" encoding="UTF-8"?>
<!-- Generated by org.testng.reporters.JUnitReportReporter -->
<testsuite hostname="KAVINESH-PC" name="testCase_VidhvaasModelQuestions.ModelQuestions_1_TestCase" tests="1" failures="0" timestamp="18 Jun 2021 06:34:21 GMT" time="27.320" errors="0">
  <testcase name="ModelQuestions_1" time="27.320" classname="testCase_VidhvaasModelQuestions.ModelQuestions_1_TestCase"/>
</testsuite> <!-- testCase_VidhvaasModelQuestions.ModelQuestions_1_TestCase -->
