<?xml version="1.0" encoding="UTF-8"?>
<!-- Generated by org.testng.reporters.JUnitReportReporter -->
<testsuite hostname="KAVINESH-PC" name="sampletest.UnionStateandUnionTerritory_TestCase" tests="1" failures="0" timestamp="22 Jun 2021 17:53:11 GMT" time="16.157" errors="0">
  <testcase name="UnionStateandUnionTerritory" time="16.157" classname="sampletest.UnionStateandUnionTerritory_TestCase"/>
</testsuite> <!-- sampletest.UnionStateandUnionTerritory_TestCase -->
