<?xml version="1.0" encoding="UTF-8"?>
<!-- Generated by org.testng.reporters.JUnitReportReporter -->
<testsuite hostname="KAVINESH-PC" name="testCase_PreviousYearQuestionPapers.Question_11_2018_TestCase" tests="1" failures="0" timestamp="18 Jun 2021 07:16:59 GMT" time="9.672" errors="0">
  <testcase name="Question_11_2018" time="9.672" classname="testCase_PreviousYearQuestionPapers.Question_11_2018_TestCase"/>
</testsuite> <!-- testCase_PreviousYearQuestionPapers.Question_11_2018_TestCase -->
