<?xml version="1.0" encoding="UTF-8"?>
<!-- Generated by org.testng.reporters.JUnitReportReporter -->
<testsuite hostname="KAVINESH-PC" name="testCase_GeneralStudies_Mathematics.PracticeQuestion_TestCase" tests="1" failures="0" timestamp="16 Jun 2021 17:21:58 GMT" time="2.539" errors="0">
  <testcase name="PracticeQuestion" time="2.539" classname="testCase_GeneralStudies_Mathematics.PracticeQuestion_TestCase"/>
</testsuite> <!-- testCase_GeneralStudies_Mathematics.PracticeQuestion_TestCase -->
