<?xml version="1.0" encoding="UTF-8"?>
<!-- Generated by org.testng.reporters.JUnitReportReporter -->
<testsuite hostname="KAVINESH-PC" name="testCase_GeneralStudies_History.SangamAge_TestCase" tests="1" failures="0" timestamp="17 Jun 2021 18:45:21 GMT" time="1.040" errors="0">
  <testcase name="SangamAge" time="1.040" classname="testCase_GeneralStudies_History.SangamAge_TestCase"/>
</testsuite> <!-- testCase_GeneralStudies_History.SangamAge_TestCase -->
