<?xml version="1.0" encoding="UTF-8"?>
<!-- Generated by org.testng.reporters.JUnitReportReporter -->
<testsuite hostname="KAVINESH-PC" name="testCase_GeneralStudies_Economics.RuralWelfareOrientedProgrammes_TestCase" tests="1" failures="0" timestamp="18 Jun 2021 20:09:27 GMT" time="2.560" errors="0">
  <testcase name="RuralWelfareOrientedProgrammes" time="2.560" classname="testCase_GeneralStudies_Economics.RuralWelfareOrientedProgrammes_TestCase"/>
</testsuite> <!-- testCase_GeneralStudies_Economics.RuralWelfareOrientedProgrammes_TestCase -->
