<?xml version="1.0" encoding="UTF-8"?>
<!-- Generated by org.testng.reporters.JUnitReportReporter -->
<testsuite hostname="KAVINESH-PC" name="testCase_BookbackQuestion.Science_7th_Standard_TestCase" tests="1" failures="0" timestamp="18 Jun 2021 08:27:46 GMT" time="10.249" errors="0">
  <testcase name="Science_7th_Standard" time="10.249" classname="testCase_BookbackQuestion.Science_7th_Standard_TestCase"/>
</testsuite> <!-- testCase_BookbackQuestion.Science_7th_Standard_TestCase -->
