<?xml version="1.0" encoding="UTF-8"?>
<!-- Generated by org.testng.reporters.JUnitReportReporter -->
<testsuite hostname="KAVINESH-PC" name="testCase_PreviousYearQuestionPapers.Question_1_2018_TestCase" tests="1" failures="0" timestamp="18 Jun 2021 07:16:59 GMT" time="11.529" errors="0">
  <testcase name="Question_1_2018" time="11.529" classname="testCase_PreviousYearQuestionPapers.Question_1_2018_TestCase"/>
</testsuite> <!-- testCase_PreviousYearQuestionPapers.Question_1_2018_TestCase -->
