<?xml version="1.0" encoding="UTF-8"?>
<!-- Generated by org.testng.reporters.JUnitReportReporter -->
<testsuite hostname="KAVINESH-PC" name="testCase_GeneralStudies_History.CarnaticWars_TestCase" tests="1" failures="0" timestamp="17 Jun 2021 18:45:21 GMT" time="1.088" errors="0">
  <testcase name="CarnaticWars" time="1.088" classname="testCase_GeneralStudies_History.CarnaticWars_TestCase"/>
</testsuite> <!-- testCase_GeneralStudies_History.CarnaticWars_TestCase -->
