<?xml version="1.0" encoding="UTF-8"?>
<!-- Generated by org.testng.reporters.JUnitReportReporter -->
<testsuite hostname="KAVINESH-PC" name="testCase_GeneralStudies_Mathematics.Mathematics_Material_CompoundInterest_TestCase" tests="1" failures="0" timestamp="15 Jun 2021 18:24:25 GMT" time="23.897" errors="0">
  <testcase name="CompoundInterest" time="23.897" classname="testCase_GeneralStudies_Mathematics.Mathematics_Material_CompoundInterest_TestCase"/>
</testsuite> <!-- testCase_GeneralStudies_Mathematics.Mathematics_Material_CompoundInterest_TestCase -->
