<?xml version="1.0" encoding="UTF-8"?>
<!-- Generated by org.testng.reporters.JUnitReportReporter -->
<testsuite hostname="KAVINESH-PC" name="testCase_CurrentAffairMaterials.PracticeQuestion_December2020_TestCase" tests="1" failures="0" timestamp="18 Jun 2021 06:04:12 GMT" time="13.609" errors="0">
  <testcase name="PracticeQuestion_December2020" time="13.609" classname="testCase_CurrentAffairMaterials.PracticeQuestion_December2020_TestCase"/>
</testsuite> <!-- testCase_CurrentAffairMaterials.PracticeQuestion_December2020_TestCase -->
