<?xml version="1.0" encoding="UTF-8"?>
<!-- Generated by org.testng.reporters.JUnitReportReporter -->
<testsuite hostname="KAVINESH-PC" name="testCase_BookbackQuestion.SocialScience_10th_Standard_TestCase" tests="1" failures="0" timestamp="18 Jun 2021 08:27:46 GMT" time="9.675" errors="0">
  <testcase name="SocialScience_10th_Standard" time="9.675" classname="testCase_BookbackQuestion.SocialScience_10th_Standard_TestCase"/>
</testsuite> <!-- testCase_BookbackQuestion.SocialScience_10th_Standard_TestCase -->
