<?xml version="1.0" encoding="UTF-8"?>
<!-- Generated by org.testng.reporters.JUnitReportReporter -->
<testsuite hostname="KAVINESH-PC" name="sampletest.FundamentalRights_TestCase" tests="1" failures="0" timestamp="22 Jun 2021 17:54:15 GMT" time="19.465" errors="0">
  <testcase name="FundamentalRights" time="19.465" classname="sampletest.FundamentalRights_TestCase"/>
</testsuite> <!-- sampletest.FundamentalRights_TestCase -->
