<?xml version="1.0" encoding="UTF-8"?>
<!-- Generated by org.testng.reporters.JUnitReportReporter -->
<testsuite hostname="KAVINESH-PC" name="testCase_CurrentAffairMaterials.PracticeQuestion_January2021_TestCase" tests="1" failures="0" timestamp="18 Jun 2021 06:04:12 GMT" time="9.378" errors="0">
  <testcase name="PracticeQuestion_January2021" time="9.378" classname="testCase_CurrentAffairMaterials.PracticeQuestion_January2021_TestCase"/>
</testsuite> <!-- testCase_CurrentAffairMaterials.PracticeQuestion_January2021_TestCase -->
