<?xml version="1.0" encoding="UTF-8"?>
<!-- Generated by org.testng.reporters.JUnitReportReporter -->
<testsuite hostname="KAVINESH-PC" name="testCase_GeneralStudies_Economics.NatureofIndianEconomy_TestCase" tests="1" failures="0" timestamp="19 Jun 2021 16:13:02 GMT" time="12.507" errors="0">
  <testcase name="NatureofIndianEconomy" time="12.507" classname="testCase_GeneralStudies_Economics.NatureofIndianEconomy_TestCase"/>
</testsuite> <!-- testCase_GeneralStudies_Economics.NatureofIndianEconomy_TestCase -->
