<?xml version="1.0" encoding="UTF-8"?>
<!-- Generated by org.testng.reporters.JUnitReportReporter -->
<testsuite hostname="KAVINESH-PC" name="TestCase.EmployeeTracker" tests="1" failures="0" timestamp="5 Jun 2021 06:15:28 GMT" time="2.044" errors="0">
  <testcase name="EmployeeTracker" time="2.044" classname="TestCase.EmployeeTracker"/>
</testsuite> <!-- TestCase.EmployeeTracker -->
