<?xml version="1.0" encoding="UTF-8"?>
<!-- Generated by org.testng.reporters.JUnitReportReporter -->
<testsuite hostname="KAVINESH-PC" name="TestCase.CandidateList" tests="1" failures="0" timestamp="5 Jun 2021 06:15:28 GMT" time="18.660" errors="0">
  <testcase name="Candidate" time="18.660" classname="TestCase.CandidateList"/>
</testsuite> <!-- TestCase.CandidateList -->
